2025-05-28 17:22:16,649 WARNING: User login successful.
2025-05-28 17:22:19,224 INFO: System running smoothly.
2025-05-28 17:22:24,064 INFO: Service restarted.
2025-05-28 17:22:26,892 INFO: Network latency detected.
2025-05-28 17:22:29,653 INFO: Disk space getting low.
2025-05-28 17:22:33,074 ERROR: Unexpected error in module X.
2025-05-28 17:22:37,094 WARNING: User login successful.
2025-05-28 17:22:41,710 INFO: Disk space getting low.
2025-05-28 17:22:45,136 INFO: Network latency detected.
2025-05-28 17:22:50,104 INFO: Disk space getting low.
2025-05-28 17:22:54,215 ERROR: System running smoothly.
2025-05-28 17:22:57,433 ERROR: User login successful.
2025-05-28 17:23:00,647 INFO: Failed to connect to database.
2025-05-28 17:23:05,486 INFO: Network latency detected.
2025-05-28 17:23:08,968 INFO: High memory usage detected.
2025-05-28 17:23:11,678 ERROR: Disk space getting low.
2025-05-28 17:23:14,675 INFO: Disk space getting low.
2025-05-28 17:23:18,779 INFO: Network latency detected.
2025-05-28 17:23:22,620 INFO: Disk space getting low.
2025-05-28 17:23:26,379 INFO: Failed to connect to database.
2025-05-28 17:23:29,185 INFO: Disk space getting low.
2025-05-28 17:23:32,355 ERROR: System running smoothly.
2025-05-28 17:23:35,535 WARNING: Disk space getting low.
2025-05-28 17:23:38,962 INFO: Network latency detected.
2025-05-28 17:23:43,365 ERROR: High memory usage detected.
2025-05-28 17:23:45,962 INFO: Disk space getting low.
2025-05-28 17:23:50,316 WARNING: Network latency detected.
2025-05-28 17:23:54,418 INFO: Failed to connect to database.
2025-05-28 17:23:56,762 ERROR: System running smoothly.
2025-05-28 17:24:00,736 ERROR: System running smoothly.
2025-05-28 17:24:02,805 WARNING: User login successful.
2025-05-28 17:24:05,610 WARNING: User login successful.
2025-05-28 17:24:09,455 INFO: Service restarted.
2025-05-28 17:24:12,028 ERROR: User login successful.
2025-05-28 17:24:15,971 WARNING: Unexpected error in module X.
2025-05-28 17:24:18,840 ERROR: Unexpected error in module X.
2025-05-28 17:24:22,815 INFO: Unexpected error in module X.
2025-05-28 17:24:25,863 INFO: User login successful.
2025-05-28 17:24:27,948 WARNING: Network latency detected.
2025-05-28 17:24:31,957 ERROR: Disk space getting low.
2025-05-28 17:24:35,027 INFO: Network latency detected.
2025-05-28 17:24:39,414 ERROR: User login successful.
2025-05-28 17:24:42,415 WARNING: Network latency detected.
2025-05-28 17:24:46,142 WARNING: Failed to connect to database.
2025-05-28 17:24:48,171 ERROR: System running smoothly.
2025-05-28 17:24:51,149 WARNING: Service restarted.
2025-05-28 17:24:54,179 INFO: Unexpected error in module X.
2025-05-28 17:24:58,296 WARNING: Disk space getting low.
2025-05-28 17:25:00,738 WARNING: Service restarted.
2025-05-28 17:25:05,237 INFO: Unexpected error in module X.
2025-05-28 17:25:07,412 WARNING: Network latency detected.
2025-05-28 17:25:10,425 WARNING: User login successful.
2025-05-28 17:25:14,022 WARNING: Unexpected error in module X.
2025-05-28 17:25:18,550 WARNING: User login successful.
2025-05-28 17:25:21,983 INFO: High memory usage detected.
2025-05-28 17:25:26,909 WARNING: User login successful.
2025-05-28 17:25:31,253 ERROR: Network latency detected.
2025-05-28 17:25:36,139 WARNING: System running smoothly.
2025-05-28 17:25:38,619 WARNING: System running smoothly.
2025-05-28 17:25:42,035 WARNING: Service restarted.
2025-05-28 17:25:44,279 WARNING: Network latency detected.
2025-05-28 17:25:46,974 ERROR: System running smoothly.
2025-05-28 17:25:49,097 INFO: System running smoothly.
2025-05-28 17:25:52,517 INFO: Disk space getting low.
2025-05-28 17:25:56,909 INFO: Unexpected error in module X.
2025-05-28 17:26:01,120 WARNING: High memory usage detected.
2025-05-28 17:26:04,859 INFO: Failed to connect to database.
2025-05-28 17:26:07,748 INFO: Disk space getting low.
2025-05-28 17:26:10,805 INFO: Disk space getting low.
2025-05-28 17:26:13,460 INFO: Disk space getting low.
2025-05-28 17:26:16,123 WARNING: Service restarted.
2025-05-28 17:26:18,803 INFO: Unexpected error in module X.
2025-05-28 17:26:22,638 INFO: Network latency detected.
2025-05-28 17:26:27,473 ERROR: Disk space getting low.
2025-05-28 17:26:32,149 WARNING: Network latency detected.
2025-05-28 17:26:35,305 INFO: High memory usage detected.
2025-05-28 17:26:37,779 ERROR: System running smoothly.
2025-05-28 17:26:40,441 INFO: Network latency detected.
2025-05-28 17:26:43,830 INFO: Failed to connect to database.
2025-05-28 17:26:46,925 ERROR: Disk space getting low.
2025-05-28 17:26:50,997 WARNING: Disk space getting low.
2025-05-28 17:26:54,872 WARNING: High memory usage detected.
2025-05-28 17:26:58,095 INFO: Failed to connect to database.
2025-05-28 17:27:01,733 ERROR: Service restarted.
2025-05-28 17:27:05,137 ERROR: Unexpected error in module X.
2025-05-28 17:27:09,482 INFO: Network latency detected.
2025-05-28 17:27:12,660 ERROR: Unexpected error in module X.
2025-05-28 17:27:17,384 WARNING: Failed to connect to database.
2025-05-28 17:27:19,884 ERROR: Service restarted.
2025-05-28 17:27:23,653 WARNING: User login successful.
2025-05-28 17:27:26,100 WARNING: User login successful.
2025-05-28 17:27:29,541 ERROR: User login successful.
2025-05-28 17:27:34,255 INFO: Unexpected error in module X.
2025-05-28 17:27:38,888 WARNING: Disk space getting low.
2025-05-28 17:27:42,804 ERROR: Service restarted.
2025-05-28 17:27:45,316 ERROR: Unexpected error in module X.
2025-05-28 17:27:50,159 WARNING: Failed to connect to database.
2025-05-28 17:27:55,073 ERROR: High memory usage detected.
2025-05-28 17:27:59,936 WARNING: Failed to connect to database.
2025-05-28 17:28:04,874 WARNING: Unexpected error in module X.
2025-05-28 17:28:07,507 ERROR: Unexpected error in module X.
2025-05-28 17:28:12,188 WARNING: Unexpected error in module X.
2025-05-28 17:28:14,511 ERROR: Disk space getting low.
2025-05-28 17:28:17,777 WARNING: Service restarted.
2025-05-28 17:28:21,576 INFO: User login successful.
2025-05-28 17:28:24,255 ERROR: Unexpected error in module X.
2025-05-28 17:28:29,045 ERROR: Network latency detected.
2025-05-28 17:28:32,211 WARNING: Failed to connect to database.
2025-05-28 17:28:35,486 ERROR: System running smoothly.
2025-05-28 17:28:37,931 ERROR: Service restarted.
2025-05-28 17:28:41,863 WARNING: User login successful.
2025-05-28 17:28:44,296 WARNING: User login successful.
2025-05-28 17:28:48,294 WARNING: Failed to connect to database.
2025-05-28 17:28:50,632 ERROR: Network latency detected.
2025-05-28 17:28:55,587 ERROR: Disk space getting low.
2025-05-28 17:28:58,182 ERROR: Service restarted.
2025-05-28 17:29:00,468 INFO: Service restarted.
2025-05-28 17:29:03,309 WARNING: Service restarted.
2025-05-28 17:29:06,514 INFO: Disk space getting low.
2025-05-28 17:29:10,576 WARNING: Service restarted.
2025-05-28 17:29:12,762 ERROR: Failed to connect to database.
2025-05-28 17:29:14,830 INFO: System running smoothly.
2025-05-28 17:29:17,443 ERROR: Service restarted.
2025-05-28 17:29:21,239 ERROR: High memory usage detected.
2025-05-28 17:29:25,528 WARNING: Unexpected error in module X.
2025-05-28 17:29:29,999 WARNING: Disk space getting low.
2025-05-28 17:29:32,106 ERROR: Network latency detected.
2025-05-28 17:29:34,316 ERROR: High memory usage detected.
2025-05-28 17:29:38,136 ERROR: Service restarted.
2025-05-28 17:29:41,724 WARNING: User login successful.
2025-05-28 17:29:46,481 INFO: Unexpected error in module X.
2025-05-28 17:29:48,487 INFO: Disk space getting low.
2025-05-28 17:29:52,135 INFO: Service restarted.
2025-05-28 17:29:55,444 ERROR: System running smoothly.
2025-05-28 17:29:58,455 ERROR: User login successful.
2025-05-28 17:30:00,986 WARNING: Unexpected error in module X.
2025-05-28 17:30:04,916 WARNING: User login successful.
2025-05-28 17:30:07,682 INFO: High memory usage detected.
2025-05-28 17:30:12,181 INFO: Disk space getting low.
2025-05-28 17:30:15,848 ERROR: Unexpected error in module X.
2025-05-28 17:30:20,417 ERROR: Failed to connect to database.
2025-05-28 17:30:22,562 INFO: Service restarted.
2025-05-28 17:30:26,199 WARNING: High memory usage detected.
2025-05-28 17:30:28,521 ERROR: User login successful.
2025-05-28 17:30:30,918 WARNING: System running smoothly.
2025-05-28 17:30:35,332 ERROR: Failed to connect to database.
2025-05-28 17:30:39,703 INFO: Failed to connect to database.
2025-05-28 17:30:43,128 WARNING: Network latency detected.
2025-05-28 17:30:46,270 INFO: Disk space getting low.
2025-05-28 17:30:49,340 WARNING: System running smoothly.
2025-05-28 17:30:52,166 ERROR: High memory usage detected.
2025-05-28 17:30:54,488 INFO: User login successful.
2025-05-28 17:30:58,069 ERROR: Disk space getting low.
2025-05-28 17:31:00,141 INFO: Failed to connect to database.
2025-05-28 17:31:04,958 ERROR: Disk space getting low.
2025-05-28 17:31:08,319 INFO: User login successful.
2025-05-28 17:31:12,949 WARNING: User login successful.
2025-05-28 17:31:16,838 INFO: User login successful.
2025-05-28 17:31:20,864 ERROR: Unexpected error in module X.
2025-05-28 17:31:24,739 WARNING: System running smoothly.
2025-05-28 17:31:27,970 ERROR: Disk space getting low.
2025-05-28 17:31:30,849 ERROR: System running smoothly.
2025-05-28 17:31:33,726 ERROR: Unexpected error in module X.
2025-05-28 17:31:37,323 INFO: Unexpected error in module X.
2025-05-28 17:31:40,272 INFO: High memory usage detected.
2025-05-28 17:31:43,433 ERROR: Failed to connect to database.
2025-05-28 17:31:47,211 ERROR: System running smoothly.
2025-05-28 17:31:50,676 WARNING: Failed to connect to database.
2025-05-28 17:31:55,282 ERROR: User login successful.
2025-05-28 17:31:58,384 INFO: Network latency detected.
2025-05-28 17:32:02,836 INFO: Disk space getting low.
2025-05-28 17:32:07,384 INFO: Network latency detected.
2025-05-28 17:32:10,746 INFO: Service restarted.
2025-05-28 17:32:14,117 ERROR: Unexpected error in module X.
2025-05-28 17:32:16,132 INFO: Disk space getting low.
2025-05-28 17:32:21,002 INFO: High memory usage detected.
2025-05-28 17:32:25,253 WARNING: Network latency detected.
2025-05-28 17:32:30,208 ERROR: Disk space getting low.
2025-05-28 17:32:34,532 INFO: Unexpected error in module X.
2025-05-28 17:32:38,294 WARNING: Network latency detected.
2025-05-28 17:32:41,153 ERROR: Unexpected error in module X.
2025-05-28 17:32:46,115 INFO: Unexpected error in module X.
2025-05-28 17:32:48,958 WARNING: Unexpected error in module X.
2025-05-28 17:32:51,840 ERROR: Unexpected error in module X.
2025-05-28 17:32:56,277 INFO: User login successful.
2025-05-28 17:32:59,010 WARNING: Disk space getting low.
2025-05-28 17:33:02,305 ERROR: System running smoothly.
2025-05-28 17:33:06,930 WARNING: Failed to connect to database.
2025-05-28 17:33:11,172 INFO: Failed to connect to database.
2025-05-28 17:33:15,548 WARNING: User login successful.
2025-05-28 17:33:18,664 INFO: Disk space getting low.
2025-05-28 17:33:23,068 WARNING: Network latency detected.
2025-05-28 17:33:25,985 WARNING: Failed to connect to database.
2025-05-28 17:33:29,631 INFO: User login successful.
2025-05-28 17:33:33,620 WARNING: Disk space getting low.
2025-05-28 17:33:38,290 WARNING: High memory usage detected.
2025-05-28 17:33:40,413 WARNING: System running smoothly.
2025-05-28 17:33:44,856 ERROR: Service restarted.
2025-05-28 17:33:48,788 WARNING: Failed to connect to database.
2025-05-28 17:33:53,513 WARNING: System running smoothly.
2025-05-28 17:33:57,703 WARNING: User login successful.
2025-05-28 17:34:00,164 INFO: Service restarted.
2025-05-28 17:34:03,967 ERROR: Service restarted.
2025-05-28 17:34:07,635 INFO: High memory usage detected.
2025-05-28 17:34:09,751 ERROR: High memory usage detected.
2025-05-28 17:34:12,592 WARNING: Unexpected error in module X.
2025-05-28 17:34:15,883 WARNING: Failed to connect to database.
2025-05-28 17:34:18,581 ERROR: Failed to connect to database.
2025-05-28 17:34:23,243 INFO: System running smoothly.
2025-05-28 17:34:27,772 ERROR: Service restarted.
2025-05-28 17:34:31,560 WARNING: Service restarted.
2025-05-28 17:34:35,760 INFO: Unexpected error in module X.
2025-05-28 17:34:38,842 WARNING: Network latency detected.
2025-05-28 17:34:42,221 INFO: User login successful.
2025-05-28 17:34:45,548 WARNING: Service restarted.
2025-05-28 17:34:48,890 ERROR: User login successful.
2025-05-28 17:34:53,296 INFO: Failed to connect to database.
2025-05-28 17:34:55,652 INFO: High memory usage detected.
2025-05-28 17:34:59,443 WARNING: Unexpected error in module X.
2025-05-28 17:35:01,797 ERROR: Disk space getting low.
2025-05-28 17:35:05,680 ERROR: Network latency detected.
2025-05-28 17:35:08,387 INFO: Failed to connect to database.
2025-05-28 17:35:10,626 WARNING: High memory usage detected.
2025-05-28 17:35:13,960 WARNING: Failed to connect to database.
2025-05-28 17:35:18,608 ERROR: Network latency detected.
2025-05-28 17:35:21,939 WARNING: Network latency detected.
2025-05-28 17:35:26,297 WARNING: User login successful.
2025-05-28 17:35:29,007 WARNING: System running smoothly.
2025-05-28 17:35:32,083 ERROR: Unexpected error in module X.
2025-05-28 17:35:34,935 INFO: System running smoothly.
2025-05-28 17:35:39,868 ERROR: User login successful.
2025-05-28 17:35:42,434 WARNING: System running smoothly.
2025-05-28 17:35:47,434 ERROR: User login successful.
2025-05-28 17:35:50,448 WARNING: High memory usage detected.
2025-05-28 17:35:52,470 INFO: System running smoothly.
2025-05-28 17:35:56,682 INFO: Unexpected error in module X.
2025-05-28 17:36:00,866 ERROR: Unexpected error in module X.
2025-05-28 17:36:04,633 ERROR: System running smoothly.
2025-05-28 17:36:08,329 ERROR: Failed to connect to database.
2025-05-28 17:36:11,088 WARNING: Unexpected error in module X.
2025-05-28 17:36:13,781 INFO: Failed to connect to database.
2025-05-28 17:36:16,106 ERROR: Network latency detected.
2025-05-28 17:36:19,672 ERROR: High memory usage detected.
2025-05-28 17:36:23,459 WARNING: Service restarted.
2025-05-28 17:36:27,562 WARNING: Disk space getting low.
2025-05-28 17:36:29,574 WARNING: Service restarted.
2025-05-28 17:36:34,280 ERROR: Disk space getting low.
2025-05-28 17:36:38,881 ERROR: User login successful.
2025-05-28 17:36:43,201 INFO: Network latency detected.
2025-05-28 17:36:47,468 INFO: Unexpected error in module X.
2025-05-28 17:36:51,042 WARNING: Disk space getting low.
2025-05-28 17:36:53,983 ERROR: Failed to connect to database.
2025-05-28 17:36:58,299 ERROR: Disk space getting low.
2025-05-28 17:37:01,132 WARNING: Failed to connect to database.
2025-05-28 17:37:04,944 WARNING: System running smoothly.
2025-05-28 17:37:09,736 INFO: Service restarted.
2025-05-28 17:37:12,530 ERROR: Failed to connect to database.
2025-05-28 17:37:15,180 INFO: Failed to connect to database.
2025-05-28 17:37:17,677 ERROR: Service restarted.
2025-05-28 17:37:22,667 ERROR: Network latency detected.
2025-05-28 17:37:27,164 WARNING: High memory usage detected.
2025-05-28 17:37:31,876 WARNING: High memory usage detected.
2025-05-28 17:37:36,251 WARNING: User login successful.
2025-05-28 17:37:38,305 INFO: User login successful.
2025-05-28 17:37:42,272 WARNING: Network latency detected.
2025-05-28 17:37:45,357 ERROR: User login successful.
2025-05-28 17:37:49,254 INFO: System running smoothly.
2025-05-28 17:37:51,806 INFO: System running smoothly.
2025-05-28 17:37:54,105 INFO: Unexpected error in module X.
2025-05-28 17:37:59,096 INFO: System running smoothly.
2025-05-28 17:38:03,910 ERROR: System running smoothly.
2025-05-28 17:38:06,381 WARNING: Disk space getting low.
2025-05-28 17:38:10,392 WARNING: Network latency detected.
2025-05-28 17:38:14,468 ERROR: Service restarted.
2025-05-28 17:38:17,035 WARNING: Service restarted.
2025-05-28 17:38:20,258 INFO: Service restarted.
2025-05-28 17:38:24,143 WARNING: Service restarted.
2025-05-28 17:38:27,938 ERROR: Disk space getting low.
2025-05-28 17:38:31,695 INFO: User login successful.
2025-05-28 17:38:35,561 INFO: Network latency detected.
2025-05-28 17:38:38,301 ERROR: Unexpected error in module X.
2025-05-28 17:38:43,119 WARNING: Failed to connect to database.
2025-05-28 17:38:47,885 INFO: Unexpected error in module X.
2025-05-28 17:38:51,416 ERROR: User login successful.
2025-05-28 17:38:53,933 WARNING: Unexpected error in module X.
2025-05-28 17:38:56,250 ERROR: Service restarted.
2025-05-28 17:38:59,899 WARNING: Disk space getting low.
2025-05-28 17:39:03,133 ERROR: Failed to connect to database.
2025-05-28 17:39:05,726 ERROR: System running smoothly.
2025-05-28 17:39:08,162 INFO: High memory usage detected.
2025-05-28 17:39:10,620 INFO: Unexpected error in module X.
2025-05-28 17:39:15,124 INFO: User login successful.
2025-05-28 17:39:19,656 ERROR: Unexpected error in module X.
2025-05-28 17:39:22,549 WARNING: Failed to connect to database.
2025-05-28 17:39:24,915 WARNING: Service restarted.
2025-05-28 17:39:29,068 ERROR: Disk space getting low.
2025-05-28 17:39:33,257 ERROR: User login successful.
2025-05-28 17:39:37,203 WARNING: Network latency detected.
2025-05-28 17:39:39,874 INFO: System running smoothly.
2025-05-28 17:39:43,621 INFO: Network latency detected.
2025-05-28 17:39:45,738 ERROR: Service restarted.
2025-05-28 17:39:50,525 ERROR: Disk space getting low.
2025-05-28 17:39:55,389 ERROR: User login successful.
2025-05-28 17:39:59,049 ERROR: Service restarted.
2025-05-28 17:40:01,502 INFO: High memory usage detected.
2025-05-28 17:40:04,276 INFO: High memory usage detected.
2025-05-28 17:40:08,625 INFO: Unexpected error in module X.
2025-05-28 17:40:10,652 WARNING: Failed to connect to database.
2025-05-28 17:40:15,108 WARNING: Disk space getting low.
2025-05-28 17:40:18,720 INFO: High memory usage detected.
2025-05-28 17:40:23,657 WARNING: Network latency detected.
2025-05-28 17:40:25,918 INFO: High memory usage detected.
2025-05-28 17:40:29,715 INFO: Service restarted.
2025-05-28 17:40:33,273 WARNING: Service restarted.
2025-05-28 17:40:36,414 ERROR: Failed to connect to database.
2025-05-28 17:40:39,747 INFO: Disk space getting low.
2025-05-28 17:40:42,919 ERROR: Service restarted.
2025-05-28 17:40:45,087 WARNING: Disk space getting low.
2025-05-28 17:40:47,482 INFO: Disk space getting low.
2025-05-28 17:40:50,472 WARNING: High memory usage detected.
2025-05-28 17:40:53,054 INFO: User login successful.
2025-05-28 17:40:57,313 INFO: Unexpected error in module X.
2025-05-28 17:40:59,831 WARNING: User login successful.
2025-05-28 17:41:03,748 ERROR: System running smoothly.
2025-05-28 17:41:07,860 WARNING: High memory usage detected.
2025-05-28 17:41:11,867 INFO: User login successful.
2025-05-28 17:41:14,119 ERROR: Failed to connect to database.
2025-05-28 17:41:18,488 WARNING: Network latency detected.
2025-05-28 17:41:22,025 ERROR: Service restarted.
2025-05-28 17:41:24,480 INFO: Unexpected error in module X.
2025-05-28 17:41:29,204 WARNING: Unexpected error in module X.
2025-05-28 17:41:32,378 WARNING: High memory usage detected.
2025-05-28 17:41:36,932 INFO: Network latency detected.
2025-05-28 17:41:40,090 WARNING: Network latency detected.
2025-05-28 17:41:43,643 ERROR: High memory usage detected.
2025-05-28 17:41:47,603 ERROR: High memory usage detected.
2025-05-28 17:41:50,430 WARNING: High memory usage detected.
2025-05-28 17:41:52,443 WARNING: High memory usage detected.
2025-05-28 17:41:55,009 WARNING: Failed to connect to database.
2025-05-28 17:41:57,779 WARNING: User login successful.
2025-05-28 17:42:00,150 WARNING: Network latency detected.
2025-05-28 17:42:03,024 WARNING: Disk space getting low.
2025-05-28 17:42:07,984 ERROR: Network latency detected.
2025-05-28 17:42:10,913 INFO: User login successful.
2025-05-28 17:42:15,196 INFO: Unexpected error in module X.
2025-05-28 17:42:20,026 ERROR: Network latency detected.
2025-05-28 17:42:22,772 INFO: Failed to connect to database.
2025-05-28 17:42:25,102 WARNING: User login successful.
2025-05-28 17:42:28,066 ERROR: Unexpected error in module X.
2025-05-28 17:42:31,955 WARNING: Failed to connect to database.
2025-05-28 17:42:36,212 ERROR: System running smoothly.
2025-05-28 17:42:39,458 INFO: Disk space getting low.
2025-05-28 17:42:41,554 INFO: User login successful.
2025-05-28 17:42:44,731 WARNING: System running smoothly.
2025-05-28 17:42:47,597 ERROR: Network latency detected.
2025-05-28 17:42:49,639 ERROR: Failed to connect to database.
2025-05-28 17:42:54,635 WARNING: System running smoothly.
2025-05-28 17:42:57,609 WARNING: Unexpected error in module X.
2025-05-28 17:43:00,675 INFO: System running smoothly.
2025-05-28 17:43:04,394 ERROR: High memory usage detected.
2025-05-28 17:43:09,050 ERROR: User login successful.
2025-05-28 17:43:11,612 ERROR: High memory usage detected.
2025-05-28 17:43:14,164 WARNING: Unexpected error in module X.
2025-05-28 17:43:16,453 ERROR: User login successful.
2025-05-28 17:43:19,280 WARNING: User login successful.
2025-05-28 17:43:21,533 ERROR: Disk space getting low.
2025-05-28 17:43:26,402 WARNING: Network latency detected.
2025-05-28 17:43:28,531 ERROR: Failed to connect to database.
2025-05-28 17:43:31,202 WARNING: System running smoothly.
2025-05-28 17:43:35,221 INFO: User login successful.
2025-05-28 17:43:39,790 INFO: Unexpected error in module X.
2025-05-28 17:43:41,868 INFO: Network latency detected.
2025-05-28 17:43:46,827 WARNING: Disk space getting low.
2025-05-28 17:43:49,243 ERROR: Disk space getting low.
2025-05-28 17:43:52,797 ERROR: System running smoothly.
2025-05-28 17:43:56,925 ERROR: Service restarted.
2025-05-28 17:44:01,024 ERROR: Disk space getting low.
2025-05-28 17:44:03,671 INFO: User login successful.
2025-05-28 17:44:06,105 INFO: User login successful.
2025-05-28 17:44:09,192 WARNING: System running smoothly.
2025-05-28 17:44:11,590 INFO: Service restarted.
2025-05-28 17:44:14,431 ERROR: User login successful.
2025-05-28 17:44:18,841 INFO: Disk space getting low.
2025-05-28 17:44:23,656 WARNING: Failed to connect to database.
2025-05-28 17:44:26,706 INFO: Failed to connect to database.
2025-05-28 17:44:29,398 INFO: Network latency detected.
2025-05-28 17:44:31,651 ERROR: Network latency detected.
2025-05-28 17:44:35,917 INFO: User login successful.
2025-05-28 17:44:39,045 WARNING: Service restarted.
2025-05-28 17:44:42,686 INFO: User login successful.
2025-05-28 17:44:44,704 ERROR: System running smoothly.
2025-05-28 17:44:48,203 INFO: User login successful.
2025-05-28 17:44:53,054 ERROR: Unexpected error in module X.
2025-05-28 17:44:57,191 INFO: Service restarted.
2025-05-28 17:45:01,163 INFO: Unexpected error in module X.
2025-05-28 17:45:03,589 WARNING: Network latency detected.
2025-05-28 17:45:08,399 WARNING: Unexpected error in module X.
2025-05-28 17:45:12,243 ERROR: Service restarted.
2025-05-28 17:45:16,140 ERROR: User login successful.
2025-05-28 17:45:18,246 ERROR: System running smoothly.
2025-05-28 17:45:22,683 WARNING: High memory usage detected.
2025-05-28 17:45:26,075 INFO: Network latency detected.
2025-05-28 17:45:29,156 ERROR: Disk space getting low.
2025-05-28 17:45:31,745 WARNING: User login successful.
2025-05-28 17:45:34,715 ERROR: Service restarted.
2025-05-28 17:45:38,051 WARNING: System running smoothly.
2025-05-28 17:45:40,948 WARNING: High memory usage detected.
2025-05-28 17:45:44,349 ERROR: Network latency detected.
2025-05-28 17:45:47,614 WARNING: User login successful.
2025-05-28 17:45:49,705 INFO: Unexpected error in module X.
2025-05-28 17:45:53,874 INFO: User login successful.
2025-05-28 17:45:57,046 INFO: System running smoothly.
2025-05-28 17:45:59,271 INFO: Network latency detected.
2025-05-28 17:46:02,436 WARNING: Disk space getting low.
2025-05-28 17:46:04,494 ERROR: Network latency detected.
2025-05-28 17:46:08,697 INFO: System running smoothly.
2025-05-28 17:46:12,123 INFO: Service restarted.
2025-05-28 17:46:17,078 INFO: Network latency detected.
2025-05-28 17:46:22,024 ERROR: Unexpected error in module X.
2025-05-28 17:46:24,169 ERROR: System running smoothly.
2025-05-28 17:46:26,473 INFO: Unexpected error in module X.
2025-05-28 17:46:29,633 WARNING: System running smoothly.
2025-05-28 17:46:31,820 ERROR: Service restarted.
2025-05-28 17:46:35,184 INFO: Failed to connect to database.
2025-05-28 17:46:37,991 WARNING: Disk space getting low.
2025-05-28 17:46:42,319 INFO: Unexpected error in module X.
2025-05-28 17:46:46,848 INFO: User login successful.
2025-05-28 17:46:50,733 WARNING: System running smoothly.
2025-05-28 17:46:53,415 ERROR: Disk space getting low.
2025-05-28 17:46:57,141 WARNING: User login successful.
2025-05-28 17:47:01,167 INFO: System running smoothly.
2025-05-28 17:47:05,340 ERROR: Disk space getting low.
2025-05-28 17:47:09,967 ERROR: High memory usage detected.
2025-05-28 17:47:14,447 ERROR: Disk space getting low.
2025-05-28 17:47:18,710 INFO: High memory usage detected.
2025-05-28 17:47:23,147 WARNING: High memory usage detected.
2025-05-28 17:47:25,460 INFO: Failed to connect to database.
2025-05-28 17:47:29,422 ERROR: Network latency detected.
2025-05-28 17:47:34,220 ERROR: System running smoothly.
2025-05-28 17:47:36,672 WARNING: Network latency detected.
2025-05-28 17:47:39,711 INFO: Disk space getting low.
2025-05-28 17:47:43,048 ERROR: Failed to connect to database.
2025-05-28 17:47:45,461 INFO: Service restarted.
2025-05-28 17:47:48,647 INFO: High memory usage detected.
2025-05-28 17:47:52,436 WARNING: Network latency detected.
2025-05-28 17:47:55,543 ERROR: Network latency detected.
2025-05-28 17:48:00,532 INFO: Failed to connect to database.
2025-05-28 17:48:05,302 INFO: Disk space getting low.
2025-05-28 17:48:08,243 ERROR: Disk space getting low.
2025-05-28 17:48:11,384 INFO: Failed to connect to database.
2025-05-28 17:48:15,361 INFO: Network latency detected.
2025-05-28 17:48:18,517 ERROR: Failed to connect to database.
2025-05-28 17:48:23,177 ERROR: Service restarted.
2025-05-28 17:48:25,888 INFO: High memory usage detected.
2025-05-28 17:48:28,009 ERROR: Service restarted.
2025-05-28 17:48:30,201 INFO: High memory usage detected.
2025-05-28 17:48:32,459 ERROR: Service restarted.
2025-05-28 17:48:34,912 ERROR: System running smoothly.
2025-05-28 17:48:39,769 WARNING: Failed to connect to database.
2025-05-28 17:48:42,296 ERROR: Service restarted.
2025-05-28 17:48:47,116 INFO: Service restarted.
2025-05-28 17:48:50,994 WARNING: Service restarted.
2025-05-28 17:48:53,574 ERROR: Disk space getting low.
2025-05-28 17:48:57,726 WARNING: Service restarted.
2025-05-28 17:49:01,268 ERROR: Failed to connect to database.
2025-05-28 17:49:04,744 INFO: Unexpected error in module X.
2025-05-28 17:49:09,075 WARNING: User login successful.
2025-05-28 17:49:12,799 ERROR: Service restarted.
2025-05-28 17:49:16,085 WARNING: Service restarted.
2025-05-28 17:49:18,857 ERROR: Disk space getting low.
2025-05-28 17:49:21,791 ERROR: Failed to connect to database.
2025-05-28 17:49:25,493 ERROR: Service restarted.
2025-05-28 17:49:29,253 ERROR: User login successful.
2025-05-28 17:49:33,414 INFO: High memory usage detected.
2025-05-28 17:49:37,127 ERROR: Unexpected error in module X.
2025-05-28 17:49:40,539 ERROR: Disk space getting low.
2025-05-28 17:49:42,740 WARNING: User login successful.
2025-05-28 17:49:45,587 INFO: High memory usage detected.
2025-05-28 17:49:49,603 INFO: Network latency detected.
2025-05-28 17:49:53,188 ERROR: Service restarted.
2025-05-28 17:49:56,310 ERROR: Failed to conne2025-05-28 17:49:2025-05-28 17:50:00,364 ERROR: Service restarted.
2025-05-28 17:50:05,226 INFO: User login successful.
2025-05-28 17:50:09,576 WARNING: Unexpected error in module X.
2025-05-28 17:50:13,346 WARNING: High memory usage detected.
2025-05-28 17:50:17,862 INFO: User login successful.
2025-05-28 17:50:22,852 INFO: Network latency detected.
2025-05-28 17:50:25,726 INFO: System running smoothly.
2025-05-28 17:50:28,287 ERROR: Network latency detected.
2025-05-28 17:50:31,361 INFO: Service restarted.
2025-05-28 17:50:33,845 WARNING: System running smoothly.
2025-05-28 17:50:38,500 INFO: Failed to connect to database.
2025-05-28 17:50:42,163 ERROR: Service restarted.
2025-05-28 17:50:46,151 INFO: User login successful.
2025-05-28 17:50:48,937 WARNING: Failed to connect to database.
2025-05-28 17:50:52,310 WARNING: Unexpected error in module X.
2025-05-28 17:50:54,697 WARNING: System running smoothly.
2025-05-28 17:50:57,733 INFO: Failed to connect to database.
2025-05-28 17:51:00,426 ERROR: Disk space getting low.
2025-05-28 17:51:03,701 INFO: Service restarted.
2025-05-28 17:51:07,130 ERROR: System running smoothly.
2025-05-28 17:51:12,095 INFO: Network latency detected.
2025-05-28 17:51:16,564 ERROR: Failed to connect to database.
2025-05-28 17:51:20,944 WARNING: Network latency detected.
2025-05-28 17:51:24,586 WARNING: High memory usage detected.
2025-05-28 17:51:27,670 ERROR: Failed to connect to database.
2025-05-28 17:51:32,589 INFO: Failed to connect to database.
2025-05-28 17:51:34,832 WARNING: Service restarted.
2025-05-28 17:51:38,072 ERROR: System running smoothly.
2025-05-28 17:51:41,635 ERROR: High memory usage detected.
2025-05-28 17:51:45,258 ERROR: Unexpected error in module X.
2025-05-28 17:51:47,690 WARNING: Network latency detected.
2025-05-28 17:51:51,677 INFO: Disk space getting low.
2025-05-28 17:51:53,744 INFO: System running smoothly.
2025-05-28 17:51:56,322 INFO: Network latency detected.
2025-05-28 17:51:58,350 INFO: User login successful.
2025-05-28 17:52:00,502 INFO: System running smoothly.
2025-05-28 17:52:04,452 INFO: Failed to connect to database.
2025-05-28 17:52:06,873 ERROR: High memory usage detected.
2025-05-28 17:52:11,248 INFO: Unexpected error in module X.
2025-05-28 17:52:14,155 ERROR: User login successful.
2025-05-28 17:52:19,057 WARNING: High memory usage detected.
2025-05-28 17:52:22,490 INFO: High memory usage detected.
2025-05-28 17:52:25,517 WARNING: Network latency detected.
2025-05-28 17:52:28,363 INFO: User login successful.
2025-05-28 17:52:32,576 WARNING: Unexpected error in module X.
2025-05-28 17:52:34,797 ERROR: Disk space getting low.
2025-05-28 17:52:38,947 INFO: Failed to connect to database.
2025-05-28 17:52:43,758 INFO: Disk space getting low.
2025-05-28 17:52:48,738 INFO: System running smoothly.
2025-05-28 17:52:51,327 ERROR: High memory usage detected.
2025-05-28 17:52:55,327 ERROR: Failed to connect to database.
2025-05-28 17:52:59,911 INFO: Network latency detected.
2025-05-28 17:53:04,543 INFO: Unexpected error in module X.
2025-05-28 17:53:08,499 INFO: System running smoothly.
2025-05-28 17:53:12,773 ERROR: User login successful.
2025-05-28 17:53:15,936 ERROR: Service restarted.
2025-05-28 17:53:18,147 ERROR: Network latency detected.
2025-05-28 17:53:22,733 ERROR: User login successful.
2025-05-28 17:53:25,464 ERROR: High memory usage detected.
2025-05-28 17:53:27,649 ERROR: User login successful.
2025-05-28 17:53:31,746 INFO: Service restarted.
2025-05-28 17:53:34,961 ERROR: Service restarted.
2025-05-28 17:53:39,439 ERROR: User login successful.
2025-05-28 17:53:44,035 ERROR: Service restarted.
2025-05-28 17:53:47,707 INFO: User login successful.
2025-05-28 17:53:50,770 INFO: Network latency detected.
2025-05-28 17:53:53,247 ERROR: System running smoothly.
2025-05-28 17:53:56,112 INFO: User login successful.
2025-05-28 17:53:58,909 INFO: Failed to connect to database.
2025-05-28 17:54:02,103 WARNING: System running smoothly.
2025-05-28 17:54:04,520 ERROR: High memory usage detected.
2025-05-28 17:54:08,512 ERROR: Disk space getting low.
2025-05-28 17:54:11,369 ERROR: System running smoothly.
2025-05-28 17:54:14,557 INFO: Unexpected error in module X.
2025-05-28 17:54:18,461 INFO: Failed to connect to database.
2025-05-28 17:54:22,634 INFO: Unexpected error in module X.
2025-05-28 17:54:24,797 WARNING: Service restarted.
2025-05-28 17:54:29,693 WARNING: Disk space getting low.
2025-05-28 17:54:31,840 WARNING: Unexpected error in module X.
2025-05-28 17:54:34,820 INFO: Failed to connect to database.
2025-05-28 17:54:37,913 INFO: Unexpected error in module X.
2025-05-28 17:54:42,581 WARNING: Failed to connect to database.
2025-05-28 17:54:46,177 ERROR: Failed to connect to database.
2025-05-28 17:54:51,048 INFO: System running smoothly.
2025-05-28 17:54:54,053 WARNING: Disk space getting low.
2025-05-28 17:54:58,171 ERROR: System running smoothly.
2025-05-28 17:55:02,767 WARNING: System running smoothly.
2025-05-28 17:55:07,616 INFO: User login successful.
2025-05-28 17:55:11,010 ERROR: Unexpected error in module X.
2025-05-28 17:55:14,435 INFO: Failed to connect to database.
2025-05-28 17:55:18,862 ERROR: Service restarted.
2025-05-28 17:55:23,860 WARNING: Disk space getting low.
etected.
2025-05-28 17:55:05,432 INFO: System running smoothly.
2025-05-28 17:55:10,062 ERROR: Unexpected error in module X.
2025-05-28 17:55:13,296 INFO: Disk space getting low.
2025-05-28 17:55:16,264 WARNING: User login successful.
2025-05-28 17:55:21,171 WARNING: Unexpected error in module X.
2025-05-28 17:55:23,629 INFO: Service restarted.
2025-05-28 17:55:27,554 WARNING: User login successful.
